<?xml version="1.0" encoding="UTF-8"?>
<!-- Generated by org.testng.reporters.JUnitReportReporter -->
<testsuite skipped="0" hostname="e8cb80d40b5c" name="Sanity.LoginTest8" tests="1" failures="0" timestamp="28 Feb 2019 12:10:43 GMT" time="10.241" errors="0">
  <testcase name="log__in" time="10.241" classname="Sanity.LoginTest8"/>
</testsuite> <!-- Sanity.LoginTest8 -->
