<?xml version="1.0" encoding="UTF-8"?>
<!-- Generated by org.testng.reporters.JUnitReportReporter -->
<testsuite skipped="0" hostname="e8cb80d40b5c" name="Sanity.LoginTest4" tests="1" failures="0" timestamp="27 Feb 2019 15:17:54 GMT" time="7.244" errors="0">
  <testcase name="log__in" time="7.244" classname="Sanity.LoginTest4"/>
</testsuite> <!-- Sanity.LoginTest4 -->
