<?xml version="1.0" encoding="UTF-8"?>
<!-- Generated by org.testng.reporters.JUnitReportReporter -->
<testsuite skipped="0" hostname="e152e0637356" name="Sanity.LoginTest14" tests="1" failures="0" timestamp="03 Mar 2019 14:53:16 GMT" time="7.428" errors="0">
  <testcase name="log__in" time="7.428" classname="Sanity.LoginTest14"/>
</testsuite> <!-- Sanity.LoginTest14 -->
