<?xml version="1.0" encoding="UTF-8"?>
<!-- Generated by org.testng.reporters.JUnitReportReporter -->
<testsuite skipped="0" hostname="e8cb80d40b5c" name="Sanity.LoginTest6" tests="1" failures="0" timestamp="28 Feb 2019 12:10:43 GMT" time="11.281" errors="0">
  <testcase name="log__in" time="11.281" classname="Sanity.LoginTest6"/>
</testsuite> <!-- Sanity.LoginTest6 -->
