<?xml version="1.0" encoding="UTF-8"?>
<!-- Generated by org.testng.reporters.JUnitReportReporter -->
<testsuite skipped="0" hostname="e8cb80d40b5c" name="Sanity.LoginTest7" tests="1" failures="0" timestamp="28 Feb 2019 12:10:43 GMT" time="9.478" errors="0">
  <testcase name="log__in" time="9.478" classname="Sanity.LoginTest7"/>
</testsuite> <!-- Sanity.LoginTest7 -->
