<?xml version="1.0" encoding="UTF-8"?>
<!-- Generated by org.testng.reporters.JUnitReportReporter -->
<testsuite skipped="0" hostname="e8cb80d40b5c" name="Sanity.LoginTest2" tests="1" failures="0" timestamp="03 Mar 2019 07:46:41 GMT" time="8.098" errors="0">
  <testcase name="log__in" time="8.098" classname="Sanity.LoginTest2"/>
</testsuite> <!-- Sanity.LoginTest2 -->
