<?xml version="1.0" encoding="UTF-8"?>
<!-- Generated by org.testng.reporters.JUnitReportReporter -->
<testsuite skipped="0" hostname="0760d64f8395" name="Sanity.LoginTest11" tests="1" failures="0" timestamp="04 Mar 2019 07:08:57 GMT" time="7.668" errors="0">
  <testcase name="log__in" time="7.668" classname="Sanity.LoginTest11"/>
</testsuite> <!-- Sanity.LoginTest11 -->
