<?xml version="1.0" encoding="UTF-8"?>
<!-- Generated by org.testng.reporters.JUnitReportReporter -->
<testsuite skipped="0" hostname="0760d64f8395" name="Sanity.LoginTest6" tests="1" failures="0" timestamp="04 Mar 2019 07:08:57 GMT" time="8.478" errors="0">
  <testcase name="log__in" time="8.478" classname="Sanity.LoginTest6"/>
</testsuite> <!-- Sanity.LoginTest6 -->
