<?xml version="1.0" encoding="UTF-8"?>
<!-- Generated by org.testng.reporters.JUnitReportReporter -->
<testsuite skipped="0" hostname="0760d64f8395" name="Sanity.LoginTest9" tests="1" failures="0" timestamp="04 Mar 2019 07:08:57 GMT" time="8.874" errors="0">
  <testcase name="log__in" time="8.874" classname="Sanity.LoginTest9"/>
</testsuite> <!-- Sanity.LoginTest9 -->
