<?xml version="1.0" encoding="UTF-8"?>
<!-- Generated by org.testng.reporters.JUnitReportReporter -->
<testsuite skipped="0" hostname="e8cb80d40b5c" name="Sanity.LoginTest4" tests="1" failures="0" timestamp="03 Mar 2019 07:54:07 GMT" time="6.735" errors="0">
  <testcase name="log__in" time="6.735" classname="Sanity.LoginTest4"/>
</testsuite> <!-- Sanity.LoginTest4 -->
