<?xml version="1.0" encoding="UTF-8"?>
<!-- Generated by org.testng.reporters.JUnitReportReporter -->
<testsuite skipped="0" hostname="e8cb80d40b5c" name="Sanity.LoginTest5" tests="1" failures="0" timestamp="03 Mar 2019 13:59:16 GMT" time="7.406" errors="0">
  <testcase name="log__in" time="7.406" classname="Sanity.LoginTest5"/>
</testsuite> <!-- Sanity.LoginTest5 -->
