<?xml version="1.0" encoding="UTF-8"?>
<!-- Generated by org.testng.reporters.JUnitReportReporter -->
<testsuite skipped="0" hostname="e8cb80d40b5c" name="Sanity.LoginTest2" tests="1" failures="0" timestamp="27 Feb 2019 15:17:54 GMT" time="9.247" errors="0">
  <testcase name="log__in" time="9.247" classname="Sanity.LoginTest2"/>
</testsuite> <!-- Sanity.LoginTest2 -->
