<?xml version="1.0" encoding="UTF-8"?>
<!-- Generated by org.testng.reporters.JUnitReportReporter -->
<testsuite skipped="0" hostname="DESKTOP-KMFJ2QA" name="Sanity.LoginTest4" tests="1" failures="0" timestamp="27 Feb 2019 11:28:13 GMT" time="9.746" errors="0">
  <testcase name="log__in" time="9.746" classname="Sanity.LoginTest4"/>
</testsuite> <!-- Sanity.LoginTest4 -->
