<?xml version="1.0" encoding="UTF-8"?>
<!-- Generated by org.testng.reporters.JUnitReportReporter -->
<testsuite skipped="0" hostname="DESKTOP-KMFJ2QA" name="Sanity.LoginTest2" tests="1" failures="0" timestamp="24 Feb 2019 14:20:46 GMT" time="8.272" errors="0">
  <testcase name="log__in" time="8.272" classname="Sanity.LoginTest2"/>
</testsuite> <!-- Sanity.LoginTest2 -->
