<?xml version="1.0" encoding="UTF-8"?>
<!-- Generated by org.testng.reporters.JUnitReportReporter -->
<testsuite skipped="0" hostname="DESKTOP-KMFJ2QA" name="Sanity.LoginTest8" tests="1" failures="0" timestamp="27 Feb 2019 07:48:02 GMT" time="8.113" errors="0">
  <testcase name="log__in" time="8.113" classname="Sanity.LoginTest8"/>
</testsuite> <!-- Sanity.LoginTest8 -->
