<?xml version="1.0" encoding="UTF-8"?>
<!-- Generated by org.testng.reporters.JUnitReportReporter -->
<testsuite skipped="0" hostname="DESKTOP-KMFJ2QA" name="Sanity.LoginTest19" tests="1" failures="0" timestamp="27 Feb 2019 07:48:02 GMT" time="7.417" errors="0">
  <testcase name="log__in" time="7.417" classname="Sanity.LoginTest19"/>
</testsuite> <!-- Sanity.LoginTest19 -->
