<?xml version="1.0" encoding="UTF-8"?>
<!-- Generated by org.testng.reporters.JUnitReportReporter -->
<testsuite skipped="0" hostname="DESKTOP-KMFJ2QA" name="Sanity.LoginTest6" tests="1" failures="0" timestamp="27 Feb 2019 11:10:01 GMT" time="12.019" errors="0">
  <testcase name="log__in" time="12.019" classname="Sanity.LoginTest6"/>
</testsuite> <!-- Sanity.LoginTest6 -->
