<?xml version="1.0" encoding="UTF-8"?>
<!-- Generated by org.testng.reporters.JUnitReportReporter -->
<testsuite skipped="0" hostname="DESKTOP-KMFJ2QA" name="Sanity.LoginTest4" tests="1" failures="0" timestamp="24 Feb 2019 14:20:46 GMT" time="7.985" errors="0">
  <testcase name="log__in" time="7.985" classname="Sanity.LoginTest4"/>
</testsuite> <!-- Sanity.LoginTest4 -->
