<?xml version="1.0" encoding="UTF-8"?>
<!-- Generated by org.testng.reporters.JUnitReportReporter -->
<testsuite skipped="0" hostname="DESKTOP-KMFJ2QA" name="Sanity.LoginTest11" tests="1" failures="0" timestamp="25 Feb 2019 15:09:09 GMT" time="7.167" errors="0">
  <testcase name="log__in" time="7.167" classname="Sanity.LoginTest11"/>
</testsuite> <!-- Sanity.LoginTest11 -->
