<?xml version="1.0" encoding="UTF-8"?>
<!-- Generated by org.testng.reporters.JUnitReportReporter -->
<testsuite skipped="0" hostname="DESKTOP-KMFJ2QA" name="Sanity.LoginTest18" tests="1" failures="0" timestamp="26 Feb 2019 21:56:28 GMT" time="8.438" errors="0">
  <testcase name="log__in" time="8.438" classname="Sanity.LoginTest18"/>
</testsuite> <!-- Sanity.LoginTest18 -->
