<?xml version="1.0" encoding="UTF-8"?>
<!-- Generated by org.testng.reporters.JUnitReportReporter -->
<testsuite skipped="0" hostname="DESKTOP-KMFJ2QA" name="Sanity.LoginTest15" tests="1" failures="0" timestamp="27 Feb 2019 06:45:51 GMT" time="10.111" errors="0">
  <testcase name="log__in" time="10.111" classname="Sanity.LoginTest15"/>
</testsuite> <!-- Sanity.LoginTest15 -->
