<?xml version="1.0" encoding="UTF-8"?>
<!-- Generated by org.testng.reporters.JUnitReportReporter -->
<testsuite skipped="0" hostname="DESKTOP-KMFJ2QA" name="Sanity.LoginTest16" tests="1" failures="0" timestamp="25 Feb 2019 09:01:32 GMT" time="8.375" errors="0">
  <testcase name="log__in" time="8.375" classname="Sanity.LoginTest16"/>
</testsuite> <!-- Sanity.LoginTest16 -->
