<?xml version="1.0" encoding="UTF-8"?>
<!-- Generated by org.testng.reporters.JUnitReportReporter -->
<testsuite skipped="0" hostname="DESKTOP-KMFJ2QA" name="Sanity.LoginTest3" tests="1" failures="0" timestamp="25 Feb 2019 09:01:32 GMT" time="7.263" errors="0">
  <testcase name="log__in" time="7.263" classname="Sanity.LoginTest3"/>
</testsuite> <!-- Sanity.LoginTest3 -->
