<?xml version="1.0" encoding="UTF-8"?>
<!-- Generated by org.testng.reporters.JUnitReportReporter -->
<testsuite skipped="0" hostname="DESKTOP-KMFJ2QA" name="Sanity.LoginTest17" tests="1" failures="0" timestamp="27 Feb 2019 06:45:51 GMT" time="7.581" errors="0">
  <testcase name="log__in" time="7.581" classname="Sanity.LoginTest17"/>
</testsuite> <!-- Sanity.LoginTest17 -->
